[debug] [2021-03-16T05:00:38.493Z] ----------------------------------------------------------------------
[debug] [2021-03-16T05:00:38.494Z] Command:       C:\Program Files\nodejs\node.exe C:\Users\sssam\AppData\Local\Yarn\Data\global\node_modules\firebase-tools\lib\bin\firebase.js deploy --only hosting:beta
[debug] [2021-03-16T05:00:38.495Z] CLI Version:   9.3.0
[debug] [2021-03-16T05:00:38.495Z] Platform:      win32
[debug] [2021-03-16T05:00:38.495Z] Node Version:  v12.18.3
[debug] [2021-03-16T05:00:38.495Z] Time:          Tue Mar 16 2021 05:00:38 GMT+0000 (Greenwich Mean Time)
[debug] [2021-03-16T05:00:38.495Z] ----------------------------------------------------------------------
[debug] [2021-03-16T05:00:38.495Z] 
[debug] [2021-03-16T05:00:38.505Z] > command requires scopes: ["email","openid","https://www.googleapis.com/auth/cloudplatformprojects.readonly","https://www.googleapis.com/auth/firebase","https://www.googleapis.com/auth/cloud-platform"]
[debug] [2021-03-16T05:00:38.505Z] > authorizing via signed-in user
[debug] [2021-03-16T05:00:38.505Z] [iam] checking project eerc-a5a53 for permissions ["firebase.projects.get","firebasehosting.sites.update"]
[debug] [2021-03-16T05:00:38.507Z] >>> HTTP REQUEST POST https://cloudresourcemanager.googleapis.com/v1/projects/eerc-a5a53:testIamPermissions  
 {"permissions":["firebase.projects.get","firebasehosting.sites.update"]}
[debug] [2021-03-16T05:00:39.115Z] <<< HTTP RESPONSE 200 {"content-type":"application/json; charset=UTF-8","vary":"X-Origin, Referer, Origin,Accept-Encoding","date":"Tue, 16 Mar 2021 05:00:37 GMT","server":"ESF","cache-control":"private","x-xss-protection":"0","x-frame-options":"SAMEORIGIN","x-content-type-options":"nosniff","server-timing":"gfet4t7; dur=542","alt-svc":"h3-29=\":443\"; ma=2592000,h3-T051=\":443\"; ma=2592000,h3-Q050=\":443\"; ma=2592000,h3-Q046=\":443\"; ma=2592000,h3-Q043=\":443\"; ma=2592000,quic=\":443\"; ma=2592000; v=\"46,43\"","accept-ranges":"none","transfer-encoding":"chunked"}
[debug] [2021-03-16T05:00:39.117Z] > refreshing access token with scopes: []
[debug] [2021-03-16T05:00:39.117Z] >>> HTTP REQUEST POST https://www.googleapis.com/oauth2/v3/token  
 <request body omitted>
[debug] [2021-03-16T05:00:39.218Z] <<< HTTP RESPONSE 200 {"expires":"Mon, 01 Jan 1990 00:00:00 GMT","pragma":"no-cache","cache-control":"no-cache, no-store, max-age=0, must-revalidate","date":"Tue, 16 Mar 2021 05:00:37 GMT","content-type":"application/json; charset=utf-8","vary":"X-Origin, Referer, Origin,Accept-Encoding","server":"scaffolding on HTTPServer2","x-xss-protection":"0","x-frame-options":"SAMEORIGIN","x-content-type-options":"nosniff","alt-svc":"h3-29=\":443\"; ma=2592000,h3-T051=\":443\"; ma=2592000,h3-Q050=\":443\"; ma=2592000,h3-Q046=\":443\"; ma=2592000,h3-Q043=\":443\"; ma=2592000,quic=\":443\"; ma=2592000; v=\"46,43\"","accept-ranges":"none","transfer-encoding":"chunked"}
[debug] [2021-03-16T05:00:39.225Z] >>> [apiv2][query] GET https://firebase.googleapis.com/v1beta1/projects/eerc-a5a53 [none]
[debug] [2021-03-16T05:00:39.414Z] <<< [apiv2][status] GET https://firebase.googleapis.com/v1beta1/projects/eerc-a5a53 200
[debug] [2021-03-16T05:00:39.414Z] <<< [apiv2][body] GET https://firebase.googleapis.com/v1beta1/projects/eerc-a5a53 {"projectId":"eerc-a5a53","projectNumber":"1074595049803","displayName":"EERC","name":"projects/eerc-a5a53","resources":{"hostingSite":"eerc-a5a53","realtimeDatabaseInstance":"eerc-a5a53","storageBucket":"eerc-a5a53.appspot.com","locationId":"europe-west"},"state":"ACTIVE"}
[info] 
[info] === Deploying to 'eerc-a5a53'...
[info] 
[info] i  deploying hosting 
[debug] [2021-03-16T05:00:39.417Z] > refreshing access token with scopes: ["email","https://www.googleapis.com/auth/cloud-platform","https://www.googleapis.com/auth/cloudplatformprojects.readonly","https://www.googleapis.com/auth/firebase","openid"]
[debug] [2021-03-16T05:00:39.417Z] >>> HTTP REQUEST POST https://www.googleapis.com/oauth2/v3/token  
 <request body omitted>
[debug] [2021-03-16T05:00:39.504Z] <<< HTTP RESPONSE 200 {"pragma":"no-cache","date":"Tue, 16 Mar 2021 05:00:37 GMT","expires":"Mon, 01 Jan 1990 00:00:00 GMT","cache-control":"no-cache, no-store, max-age=0, must-revalidate","content-type":"application/json; charset=utf-8","vary":"X-Origin, Referer, Origin,Accept-Encoding","server":"scaffolding on HTTPServer2","x-xss-protection":"0","x-frame-options":"SAMEORIGIN","x-content-type-options":"nosniff","alt-svc":"h3-29=\":443\"; ma=2592000,h3-T051=\":443\"; ma=2592000,h3-Q050=\":443\"; ma=2592000,h3-Q046=\":443\"; ma=2592000,h3-Q043=\":443\"; ma=2592000,quic=\":443\"; ma=2592000; v=\"46,43\"","accept-ranges":"none","transfer-encoding":"chunked"}
[debug] [2021-03-16T05:00:39.510Z] >>> HTTP REQUEST POST https://firebasehosting.googleapis.com/v1beta1/sites/eerc-info-beta/versions  
 {"config":{"rewrites":[{"glob":"**","path":"/index.html"}]},"labels":{"deployment-tool":"cli-firebase"}}
